date: "2014-11-10 14:38:42.349"
argv: node /usr/local/bin/hexo s
os: Linux 3.16.0-23-generic linux x64
versions:
  http_parser: "1.0"
  node: 0.10.25
  v8: 3.14.5.9
  ares: 1.10.0
  uv: 0.10.23
  zlib: 1.2.8
  modules: "11"
  openssl: 1.0.1f
  hexo: 2.8.3
---
[debug] 14:38:41.991 Config file loaded from /root/site/_config.yml[debug] 14:38:41.993 Version info checked successfully[debug] 14:38:42.015 Loading database.[debug] 14:38:42.065 Processed: draft.md (2ms)[debug] 14:38:42.065 Processed: page.md (2ms)[debug] 14:38:42.066 Processed: photo.md (3ms)[debug] 14:38:42.066 Processed: post.md (2ms)[debug] 14:38:42.086 Plugin loaded successfully: hexo-renderer-ejs[debug] 14:38:42.110 Plugin loaded successfully: hexo-renderer-marked[debug] 14:38:42.258 Plugin loaded successfully: hexo-renderer-stylus[debug] 14:38:42.260 Script load successfully: fancybox.js[debug] 14:38:42.285 Processed: _posts/hello-world.md (5ms)[debug] 14:38:42.304 Processed: source/js/script.js (1ms)[debug] 14:38:42.305 Processed: source/css/_extend.styl (1ms)[debug] 14:38:42.305 Processed: source/css/_variables.styl (0ms)[debug] 14:38:42.305 Processed: source/css/style.styl (0ms)[debug] 14:38:42.305 Processed: source/css/_partial/archive.styl (0ms)[debug] 14:38:42.305 Processed: source/css/_partial/article.styl (0ms)[debug] 14:38:42.305 Processed: source/css/_partial/comment.styl (0ms)[debug] 14:38:42.306 Processed: source/css/_partial/footer.styl (1ms)[debug] 14:38:42.306 Processed: source/css/_partial/header.styl (0ms)[debug] 14:38:42.306 Processed: source/css/_partial/highlight.styl (0ms)[debug] 14:38:42.306 Processed: source/css/_partial/mobile.styl (0ms)[debug] 14:38:42.306 Processed: source/css/_partial/sidebar-aside.styl (0ms)[debug] 14:38:42.306 Processed: source/css/_partial/sidebar-bottom.styl (0ms)[debug] 14:38:42.306 Processed: source/css/_partial/sidebar.styl (0ms)[debug] 14:38:42.306 Processed: source/css/_util/grid.styl (0ms)[debug] 14:38:42.306 Processed: source/css/_util/mixin.styl (0ms)[debug] 14:38:42.307 Processed: source/css/fonts/FontAwesome.otf (1ms)[debug] 14:38:42.307 Processed: source/css/fonts/fontawesome-webfont.eot (0ms)[debug] 14:38:42.307 Processed: source/css/fonts/fontawesome-webfont.svg (0ms)[debug] 14:38:42.307 Processed: source/css/fonts/fontawesome-webfont.ttf (0ms)[debug] 14:38:42.308 Processed: source/css/fonts/fontawesome-webfont.woff (1ms)[debug] 14:38:42.308 Processed: source/css/images/banner.jpg (0ms)[debug] 14:38:42.308 Processed: source/fancybox/blank.gif (0ms)[debug] 14:38:42.308 Processed: source/fancybox/fancybox_loading.gif (0ms)[debug] 14:38:42.308 Processed: source/fancybox/fancybox_loading@2x.gif (0ms)[debug] 14:38:42.309 Processed: source/fancybox/fancybox_overlay.png (1ms)[debug] 14:38:42.309 Processed: source/fancybox/fancybox_sprite.png (0ms)[debug] 14:38:42.309 Processed: source/fancybox/fancybox_sprite@2x.png (0ms)[debug] 14:38:42.309 Processed: source/fancybox/jquery.fancybox.css (0ms)[debug] 14:38:42.310 Processed: source/fancybox/jquery.fancybox.js (1ms)[debug] 14:38:42.310 Processed: source/fancybox/jquery.fancybox.pack.js (0ms)[debug] 14:38:42.310 Processed: source/fancybox/helpers/fancybox_buttons.png (0ms)[debug] 14:38:42.310 Processed: source/fancybox/helpers/jquery.fancybox-buttons.css (0ms)[debug] 14:38:42.311 Processed: source/fancybox/helpers/jquery.fancybox-buttons.js (1ms)[debug] 14:38:42.311 Processed: source/fancybox/helpers/jquery.fancybox-media.js (0ms)[debug] 14:38:42.311 Processed: source/fancybox/helpers/jquery.fancybox-thumbs.css (0ms)[debug] 14:38:42.312 Processed: source/fancybox/helpers/jquery.fancybox-thumbs.js (1ms)[debug] 14:38:42.317 Processed: layout/archive.ejs (19ms)[debug] 14:38:42.317 Processed: layout/category.ejs (19ms)[debug] 14:38:42.317 Processed: layout/index.ejs (19ms)[debug] 14:38:42.317 Processed: layout/layout.ejs (18ms)[debug] 14:38:42.317 Processed: layout/page.ejs (18ms)[debug] 14:38:42.317 Processed: layout/post.ejs (18ms)[debug] 14:38:42.317 Processed: layout/tag.ejs (18ms)[debug] 14:38:42.317 Processed: layout/_widget/archive.ejs (18ms)[debug] 14:38:42.317 Processed: layout/_widget/category.ejs (17ms)[debug] 14:38:42.318 Processed: layout/_widget/recent_posts.ejs (18ms)[debug] 14:38:42.318 Processed: layout/_widget/tag.ejs (18ms)[debug] 14:38:42.318 Processed: layout/_widget/tagcloud.ejs (18ms)[debug] 14:38:42.318 Processed: layout/_partial/after-footer.ejs (18ms)[debug] 14:38:42.318 Processed: layout/_partial/archive-post.ejs (18ms)[debug] 14:38:42.318 Processed: layout/_partial/archive.ejs (17ms)[debug] 14:38:42.318 Processed: layout/_partial/article.ejs (17ms)[debug] 14:38:42.318 Processed: layout/_partial/footer.ejs (17ms)[debug] 14:38:42.318 Processed: layout/_partial/google-analytics.ejs (17ms)[debug] 14:38:42.318 Processed: layout/_partial/head.ejs (17ms)[debug] 14:38:42.318 Processed: layout/_partial/header.ejs (17ms)[debug] 14:38:42.318 Processed: layout/_partial/mobile-nav.ejs (17ms)[debug] 14:38:42.318 Processed: layout/_partial/sidebar.ejs (16ms)[debug] 14:38:42.318 Processed: layout/_partial/post/category.ejs (16ms)[debug] 14:38:42.318 Processed: layout/_partial/post/date.ejs (16ms)[debug] 14:38:42.318 Processed: layout/_partial/post/gallery.ejs (16ms)[debug] 14:38:42.319 Processed: layout/_partial/post/nav.ejs (16ms)[debug] 14:38:42.319 Processed: layout/_partial/post/tag.ejs (16ms)[debug] 14:38:42.319 Processed: layout/_partial/post/title.ejs (16ms)[debug] 14:38:42.320 Theme config loaded[debug] 14:38:42.320 Processed: _config.yml (23ms)[debug] 14:38:42.330 Generator: archive (6ms)[debug] 14:38:42.330 Generator: category (0ms)[debug] 14:38:42.331 Generator: home (1ms)[debug] 14:38:42.331 Generator: page (0ms)[debug] 14:38:42.332 Generator: post (1ms)[debug] 14:38:42.332 Generator: tag (0ms)[debug] 14:38:42.336 Generator: asset (3ms)[error] 14:38:42.342 HexoError: Port 4000 has been used. Try other port instead.
Error: listen EADDRINUSE
    at errnoException (net.js:901:11)
    at Server._listen2 (net.js:1039:14)
    at listen (net.js:1061:10)
    at net.js:1143:9
    at asyncCallback (dns.js:68:16)
    at Object.onanswer [as oncomplete] (dns.js:121:9)
